mode: set
github.com/authz-engine/go-core/internal/auth/apikey/generator.go:22.32,24.2 1 1
github.com/authz-engine/go-core/internal/auth/apikey/generator.go:29.77,32.50 2 1
github.com/authz-engine/go-core/internal/auth/apikey/generator.go:32.50,34.3 1 0
github.com/authz-engine/go-core/internal/auth/apikey/generator.go:37.2,45.31 4 1
github.com/authz-engine/go-core/internal/auth/apikey/generator.go:49.50,52.2 2 1
github.com/authz-engine/go-core/internal/auth/apikey/generator.go:55.59,58.20 2 1
github.com/authz-engine/go-core/internal/auth/apikey/generator.go:58.20,60.3 1 1
github.com/authz-engine/go-core/internal/auth/apikey/generator.go:62.2,62.30 1 1
github.com/authz-engine/go-core/internal/auth/apikey/generator.go:62.30,64.3 1 1
github.com/authz-engine/go-core/internal/auth/apikey/generator.go:66.2,66.49 1 1
github.com/authz-engine/go-core/internal/auth/apikey/generator.go:66.49,68.3 1 1
github.com/authz-engine/go-core/internal/auth/apikey/generator.go:71.2,72.19 2 1
github.com/authz-engine/go-core/internal/auth/apikey/generator.go:72.19,74.3 1 0
github.com/authz-engine/go-core/internal/auth/apikey/generator.go:77.2,78.16 2 1
github.com/authz-engine/go-core/internal/auth/apikey/generator.go:78.16,80.3 1 1
github.com/authz-engine/go-core/internal/auth/apikey/generator.go:82.2,82.33 1 1
github.com/authz-engine/go-core/internal/auth/apikey/generator.go:82.33,84.3 1 0
github.com/authz-engine/go-core/internal/auth/apikey/generator.go:86.2,86.12 1 1
github.com/authz-engine/go-core/internal/auth/apikey/middleware.go:26.69,31.2 1 1
github.com/authz-engine/go-core/internal/auth/apikey/middleware.go:34.67,35.71 1 1
github.com/authz-engine/go-core/internal/auth/apikey/middleware.go:35.71,40.19 2 1
github.com/authz-engine/go-core/internal/auth/apikey/middleware.go:40.19,41.18 1 1
github.com/authz-engine/go-core/internal/auth/apikey/middleware.go:41.18,44.5 2 1
github.com/authz-engine/go-core/internal/auth/apikey/middleware.go:45.4,46.10 2 1
github.com/authz-engine/go-core/internal/auth/apikey/middleware.go:50.3,51.17 2 1
github.com/authz-engine/go-core/internal/auth/apikey/middleware.go:51.17,52.31 1 1
github.com/authz-engine/go-core/internal/auth/apikey/middleware.go:52.31,54.5 1 1
github.com/authz-engine/go-core/internal/auth/apikey/middleware.go:54.10,54.38 1 1
github.com/authz-engine/go-core/internal/auth/apikey/middleware.go:54.38,56.5 1 0
github.com/authz-engine/go-core/internal/auth/apikey/middleware.go:56.10,56.67 1 1
github.com/authz-engine/go-core/internal/auth/apikey/middleware.go:56.67,58.5 1 0
github.com/authz-engine/go-core/internal/auth/apikey/middleware.go:58.10,60.5 1 1
github.com/authz-engine/go-core/internal/auth/apikey/middleware.go:61.4,61.10 1 1
github.com/authz-engine/go-core/internal/auth/apikey/middleware.go:65.3,66.40 2 1
github.com/authz-engine/go-core/internal/auth/apikey/middleware.go:71.56,73.9 2 1
github.com/authz-engine/go-core/internal/auth/apikey/middleware.go:73.9,75.3 1 0
github.com/authz-engine/go-core/internal/auth/apikey/middleware.go:76.2,76.18 1 1
github.com/authz-engine/go-core/internal/auth/apikey/postgres_store.go:20.59,21.15 1 0
github.com/authz-engine/go-core/internal/auth/apikey/postgres_store.go:21.15,23.3 1 0
github.com/authz-engine/go-core/internal/auth/apikey/postgres_store.go:26.2,26.34 1 0
github.com/authz-engine/go-core/internal/auth/apikey/postgres_store.go:26.34,28.3 1 0
github.com/authz-engine/go-core/internal/auth/apikey/postgres_store.go:30.2,30.36 1 0
github.com/authz-engine/go-core/internal/auth/apikey/postgres_store.go:34.72,35.16 1 0
github.com/authz-engine/go-core/internal/auth/apikey/postgres_store.go:35.16,37.3 1 0
github.com/authz-engine/go-core/internal/auth/apikey/postgres_store.go:40.2,40.28 1 0
github.com/authz-engine/go-core/internal/auth/apikey/postgres_store.go:40.28,42.3 1 0
github.com/authz-engine/go-core/internal/auth/apikey/postgres_store.go:43.2,43.27 1 0
github.com/authz-engine/go-core/internal/auth/apikey/postgres_store.go:43.27,45.3 1 0
github.com/authz-engine/go-core/internal/auth/apikey/postgres_store.go:48.2,50.25 3 0
github.com/authz-engine/go-core/internal/auth/apikey/postgres_store.go:50.25,52.17 2 0
github.com/authz-engine/go-core/internal/auth/apikey/postgres_store.go:52.17,54.4 1 0
github.com/authz-engine/go-core/internal/auth/apikey/postgres_store.go:58.2,59.25 2 0
github.com/authz-engine/go-core/internal/auth/apikey/postgres_store.go:59.25,61.17 2 0
github.com/authz-engine/go-core/internal/auth/apikey/postgres_store.go:61.17,63.4 1 0
github.com/authz-engine/go-core/internal/auth/apikey/postgres_store.go:64.3,64.30 1 0
github.com/authz-engine/go-core/internal/auth/apikey/postgres_store.go:67.2,81.16 3 0
github.com/authz-engine/go-core/internal/auth/apikey/postgres_store.go:81.16,82.31 1 0
github.com/authz-engine/go-core/internal/auth/apikey/postgres_store.go:82.31,84.4 1 0
github.com/authz-engine/go-core/internal/auth/apikey/postgres_store.go:85.3,85.47 1 0
github.com/authz-engine/go-core/internal/auth/apikey/postgres_store.go:88.2,88.12 1 0
github.com/authz-engine/go-core/internal/auth/apikey/postgres_store.go:92.83,110.16 5 0
github.com/authz-engine/go-core/internal/auth/apikey/postgres_store.go:110.16,111.36 1 0
github.com/authz-engine/go-core/internal/auth/apikey/postgres_store.go:111.36,113.4 1 0
github.com/authz-engine/go-core/internal/auth/apikey/postgres_store.go:114.3,114.51 1 0
github.com/authz-engine/go-core/internal/auth/apikey/postgres_store.go:118.2,118.25 1 0
github.com/authz-engine/go-core/internal/auth/apikey/postgres_store.go:118.25,119.65 1 0
github.com/authz-engine/go-core/internal/auth/apikey/postgres_store.go:119.65,121.4 1 0
github.com/authz-engine/go-core/internal/auth/apikey/postgres_store.go:125.2,125.27 1 0
github.com/authz-engine/go-core/internal/auth/apikey/postgres_store.go:125.27,126.69 1 0
github.com/authz-engine/go-core/internal/auth/apikey/postgres_store.go:126.69,128.4 1 0
github.com/authz-engine/go-core/internal/auth/apikey/postgres_store.go:131.2,131.17 1 0
github.com/authz-engine/go-core/internal/auth/apikey/postgres_store.go:135.85,153.16 5 0
github.com/authz-engine/go-core/internal/auth/apikey/postgres_store.go:153.16,154.36 1 0
github.com/authz-engine/go-core/internal/auth/apikey/postgres_store.go:154.36,156.4 1 0
github.com/authz-engine/go-core/internal/auth/apikey/postgres_store.go:157.3,157.51 1 0
github.com/authz-engine/go-core/internal/auth/apikey/postgres_store.go:161.2,161.25 1 0
github.com/authz-engine/go-core/internal/auth/apikey/postgres_store.go:161.25,163.3 1 0
github.com/authz-engine/go-core/internal/auth/apikey/postgres_store.go:164.2,164.27 1 0
github.com/authz-engine/go-core/internal/auth/apikey/postgres_store.go:164.27,166.3 1 0
github.com/authz-engine/go-core/internal/auth/apikey/postgres_store.go:168.2,168.17 1 0
github.com/authz-engine/go-core/internal/auth/apikey/postgres_store.go:172.107,181.21 2 0
github.com/authz-engine/go-core/internal/auth/apikey/postgres_store.go:181.21,183.3 1 0
github.com/authz-engine/go-core/internal/auth/apikey/postgres_store.go:185.2,188.16 3 0
github.com/authz-engine/go-core/internal/auth/apikey/postgres_store.go:188.16,190.3 1 0
github.com/authz-engine/go-core/internal/auth/apikey/postgres_store.go:191.2,194.18 3 0
github.com/authz-engine/go-core/internal/auth/apikey/postgres_store.go:194.18,203.17 4 0
github.com/authz-engine/go-core/internal/auth/apikey/postgres_store.go:203.17,205.4 1 0
github.com/authz-engine/go-core/internal/auth/apikey/postgres_store.go:208.3,208.26 1 0
github.com/authz-engine/go-core/internal/auth/apikey/postgres_store.go:208.26,210.4 1 0
github.com/authz-engine/go-core/internal/auth/apikey/postgres_store.go:211.3,211.28 1 0
github.com/authz-engine/go-core/internal/auth/apikey/postgres_store.go:211.28,213.4 1 0
github.com/authz-engine/go-core/internal/auth/apikey/postgres_store.go:215.3,215.27 1 0
github.com/authz-engine/go-core/internal/auth/apikey/postgres_store.go:218.2,218.35 1 0
github.com/authz-engine/go-core/internal/auth/apikey/postgres_store.go:218.35,220.3 1 0
github.com/authz-engine/go-core/internal/auth/apikey/postgres_store.go:222.2,222.18 1 0
github.com/authz-engine/go-core/internal/auth/apikey/postgres_store.go:226.73,234.16 3 0
github.com/authz-engine/go-core/internal/auth/apikey/postgres_store.go:234.16,236.3 1 0
github.com/authz-engine/go-core/internal/auth/apikey/postgres_store.go:238.2,239.16 2 0
github.com/authz-engine/go-core/internal/auth/apikey/postgres_store.go:239.16,241.3 1 0
github.com/authz-engine/go-core/internal/auth/apikey/postgres_store.go:243.2,243.15 1 0
github.com/authz-engine/go-core/internal/auth/apikey/postgres_store.go:243.15,245.3 1 0
github.com/authz-engine/go-core/internal/auth/apikey/postgres_store.go:247.2,247.12 1 0
github.com/authz-engine/go-core/internal/auth/apikey/postgres_store.go:251.81,259.16 3 0
github.com/authz-engine/go-core/internal/auth/apikey/postgres_store.go:259.16,261.3 1 0
github.com/authz-engine/go-core/internal/auth/apikey/postgres_store.go:263.2,263.12 1 0
github.com/authz-engine/go-core/internal/auth/apikey/postgres_store.go:267.73,271.16 3 0
github.com/authz-engine/go-core/internal/auth/apikey/postgres_store.go:271.16,273.3 1 0
github.com/authz-engine/go-core/internal/auth/apikey/postgres_store.go:275.2,276.16 2 0
github.com/authz-engine/go-core/internal/auth/apikey/postgres_store.go:276.16,278.3 1 0
github.com/authz-engine/go-core/internal/auth/apikey/postgres_store.go:280.2,280.15 1 0
github.com/authz-engine/go-core/internal/auth/apikey/postgres_store.go:280.15,282.3 1 0
github.com/authz-engine/go-core/internal/auth/apikey/postgres_store.go:284.2,284.12 1 0
github.com/authz-engine/go-core/internal/auth/apikey/postgres_store.go:288.39,290.2 1 0
github.com/authz-engine/go-core/internal/auth/apikey/postgres_store.go:293.42,298.2 1 0
github.com/authz-engine/go-core/internal/auth/apikey/rate_limiter.go:19.72,20.21 1 0
github.com/authz-engine/go-core/internal/auth/apikey/rate_limiter.go:20.21,22.3 1 0
github.com/authz-engine/go-core/internal/auth/apikey/rate_limiter.go:24.2,27.3 1 0
github.com/authz-engine/go-core/internal/auth/apikey/rate_limiter.go:32.89,33.16 1 0
github.com/authz-engine/go-core/internal/auth/apikey/rate_limiter.go:33.16,35.3 1 0
github.com/authz-engine/go-core/internal/auth/apikey/rate_limiter.go:38.2,69.16 7 0
github.com/authz-engine/go-core/internal/auth/apikey/rate_limiter.go:69.16,71.3 1 0
github.com/authz-engine/go-core/internal/auth/apikey/rate_limiter.go:73.2,74.9 2 0
github.com/authz-engine/go-core/internal/auth/apikey/rate_limiter.go:74.9,76.3 1 0
github.com/authz-engine/go-core/internal/auth/apikey/rate_limiter.go:78.2,78.26 1 0
github.com/authz-engine/go-core/internal/auth/apikey/rate_limiter.go:82.89,88.16 5 0
github.com/authz-engine/go-core/internal/auth/apikey/rate_limiter.go:88.16,89.23 1 0
github.com/authz-engine/go-core/internal/auth/apikey/rate_limiter.go:89.23,91.4 1 0
github.com/authz-engine/go-core/internal/auth/apikey/rate_limiter.go:92.3,92.53 1 0
github.com/authz-engine/go-core/internal/auth/apikey/rate_limiter.go:95.2,96.16 2 0
github.com/authz-engine/go-core/internal/auth/apikey/rate_limiter.go:96.16,98.3 1 0
github.com/authz-engine/go-core/internal/auth/apikey/rate_limiter.go:100.2,100.19 1 0
github.com/authz-engine/go-core/internal/auth/apikey/rate_limiter.go:104.70,108.6 3 0
github.com/authz-engine/go-core/internal/auth/apikey/rate_limiter.go:108.6,112.17 4 0
github.com/authz-engine/go-core/internal/auth/apikey/rate_limiter.go:112.17,114.4 1 0
github.com/authz-engine/go-core/internal/auth/apikey/rate_limiter.go:116.3,116.20 1 0
github.com/authz-engine/go-core/internal/auth/apikey/rate_limiter.go:116.20,117.59 1 0
github.com/authz-engine/go-core/internal/auth/apikey/rate_limiter.go:117.59,119.5 1 0
github.com/authz-engine/go-core/internal/auth/apikey/rate_limiter.go:122.3,122.18 1 0
github.com/authz-engine/go-core/internal/auth/apikey/rate_limiter.go:122.18,123.9 1 0
github.com/authz-engine/go-core/internal/auth/apikey/rate_limiter.go:127.2,127.12 1 0
github.com/authz-engine/go-core/internal/auth/apikey/rate_limiter.go:131.37,133.2 1 0
github.com/authz-engine/go-core/internal/auth/apikey/service.go:19.71,28.2 3 0
github.com/authz-engine/go-core/internal/auth/apikey/service.go:31.104,33.23 1 0
github.com/authz-engine/go-core/internal/auth/apikey/service.go:33.23,35.3 1 0
github.com/authz-engine/go-core/internal/auth/apikey/service.go:36.2,36.20 1 0
github.com/authz-engine/go-core/internal/auth/apikey/service.go:36.20,38.3 1 0
github.com/authz-engine/go-core/internal/auth/apikey/service.go:41.2,41.27 1 0
github.com/authz-engine/go-core/internal/auth/apikey/service.go:41.27,43.3 1 0
github.com/authz-engine/go-core/internal/auth/apikey/service.go:46.2,47.16 2 0
github.com/authz-engine/go-core/internal/auth/apikey/service.go:47.16,49.3 1 0
github.com/authz-engine/go-core/internal/auth/apikey/service.go:52.2,65.49 2 0
github.com/authz-engine/go-core/internal/auth/apikey/service.go:65.49,67.3 1 0
github.com/authz-engine/go-core/internal/auth/apikey/service.go:70.2,79.8 1 0
github.com/authz-engine/go-core/internal/auth/apikey/service.go:83.116,85.16 2 0
github.com/authz-engine/go-core/internal/auth/apikey/service.go:85.16,87.3 1 0
github.com/authz-engine/go-core/internal/auth/apikey/service.go:89.2,90.27 2 0
github.com/authz-engine/go-core/internal/auth/apikey/service.go:90.27,101.3 1 0
github.com/authz-engine/go-core/internal/auth/apikey/service.go:103.2,103.23 1 0
github.com/authz-engine/go-core/internal/auth/apikey/service.go:107.73,109.2 1 0
github.com/authz-engine/go-core/internal/auth/apikey/service.go:112.89,114.16 2 0
github.com/authz-engine/go-core/internal/auth/apikey/service.go:114.16,116.3 1 0
github.com/authz-engine/go-core/internal/auth/apikey/service.go:118.2,126.8 1 0
github.com/authz-engine/go-core/internal/auth/apikey/types.go:48.35,49.24 1 1
github.com/authz-engine/go-core/internal/auth/apikey/types.go:49.24,51.3 1 1
github.com/authz-engine/go-core/internal/auth/apikey/types.go:52.2,52.39 1 1
github.com/authz-engine/go-core/internal/auth/apikey/types.go:56.35,58.2 1 1
github.com/authz-engine/go-core/internal/auth/apikey/types.go:61.33,63.2 1 0
github.com/authz-engine/go-core/internal/auth/apikey/types.go:66.48,77.2 1 1
github.com/authz-engine/go-core/internal/auth/apikey/validator.go:20.75,26.2 1 1
github.com/authz-engine/go-core/internal/auth/apikey/validator.go:29.97,31.59 1 1
github.com/authz-engine/go-core/internal/auth/apikey/validator.go:31.59,33.3 1 1
github.com/authz-engine/go-core/internal/auth/apikey/validator.go:36.2,40.16 3 1
github.com/authz-engine/go-core/internal/auth/apikey/validator.go:40.16,42.3 1 1
github.com/authz-engine/go-core/internal/auth/apikey/validator.go:45.2,45.75 1 1
github.com/authz-engine/go-core/internal/auth/apikey/validator.go:45.75,47.3 1 0
github.com/authz-engine/go-core/internal/auth/apikey/validator.go:50.2,50.21 1 1
github.com/authz-engine/go-core/internal/auth/apikey/validator.go:50.21,52.3 1 1
github.com/authz-engine/go-core/internal/auth/apikey/validator.go:55.2,55.21 1 1
github.com/authz-engine/go-core/internal/auth/apikey/validator.go:55.21,57.3 1 1
github.com/authz-engine/go-core/internal/auth/apikey/validator.go:60.2,60.26 1 1
github.com/authz-engine/go-core/internal/auth/apikey/validator.go:60.26,62.17 2 0
github.com/authz-engine/go-core/internal/auth/apikey/validator.go:62.17,66.4 1 0
github.com/authz-engine/go-core/internal/auth/apikey/validator.go:68.3,68.15 1 0
github.com/authz-engine/go-core/internal/auth/apikey/validator.go:68.15,70.4 1 0
github.com/authz-engine/go-core/internal/auth/apikey/validator.go:74.2,74.12 1 1
github.com/authz-engine/go-core/internal/auth/apikey/validator.go:74.12,78.3 3 1
github.com/authz-engine/go-core/internal/auth/apikey/validator.go:81.2,81.31 1 1
github.com/authz-engine/go-core/internal/auth/apikey/validator.go:85.99,86.26 1 0
github.com/authz-engine/go-core/internal/auth/apikey/validator.go:86.26,88.3 1 0
github.com/authz-engine/go-core/internal/auth/apikey/validator.go:90.2,90.50 1 0
github.com/authz-engine/go-core/internal/auth/claims.go:21.44,22.28 1 1
github.com/authz-engine/go-core/internal/auth/claims.go:22.28,23.16 1 1
github.com/authz-engine/go-core/internal/auth/claims.go:23.16,25.4 1 1
github.com/authz-engine/go-core/internal/auth/claims.go:27.2,27.14 1 1
github.com/authz-engine/go-core/internal/auth/claims.go:31.51,32.33 1 1
github.com/authz-engine/go-core/internal/auth/claims.go:32.33,33.26 1 1
github.com/authz-engine/go-core/internal/auth/claims.go:33.26,35.4 1 1
github.com/authz-engine/go-core/internal/auth/claims.go:37.2,37.14 1 1
github.com/authz-engine/go-core/internal/auth/claims.go:41.52,42.33 1 1
github.com/authz-engine/go-core/internal/auth/claims.go:42.33,43.27 1 1
github.com/authz-engine/go-core/internal/auth/claims.go:43.27,45.4 1 1
github.com/authz-engine/go-core/internal/auth/claims.go:47.2,47.13 1 1
github.com/authz-engine/go-core/internal/auth/config.go:32.38,34.85 1 1
github.com/authz-engine/go-core/internal/auth/config.go:34.85,36.3 1 1
github.com/authz-engine/go-core/internal/auth/config.go:39.2,39.44 1 1
github.com/authz-engine/go-core/internal/auth/config.go:39.44,41.3 1 1
github.com/authz-engine/go-core/internal/auth/config.go:43.2,43.12 1 1
github.com/authz-engine/go-core/internal/auth/config.go:47.36,53.2 1 0
github.com/authz-engine/go-core/internal/auth/jwks.go:42.81,43.15 1 0
github.com/authz-engine/go-core/internal/auth/jwks.go:43.15,45.3 1 0
github.com/authz-engine/go-core/internal/auth/jwks.go:47.2,47.19 1 0
github.com/authz-engine/go-core/internal/auth/jwks.go:47.19,49.3 1 0
github.com/authz-engine/go-core/internal/auth/jwks.go:51.2,62.43 2 0
github.com/authz-engine/go-core/internal/auth/jwks.go:62.43,64.3 1 0
github.com/authz-engine/go-core/internal/auth/jwks.go:67.2,69.22 2 0
github.com/authz-engine/go-core/internal/auth/jwks.go:73.67,79.25 5 0
github.com/authz-engine/go-core/internal/auth/jwks.go:79.25,81.3 1 0
github.com/authz-engine/go-core/internal/auth/jwks.go:84.2,84.36 1 0
github.com/authz-engine/go-core/internal/auth/jwks.go:84.36,86.9 1 0
github.com/authz-engine/go-core/internal/auth/jwks.go:86.9,88.4 1 0
github.com/authz-engine/go-core/internal/auth/jwks.go:89.3,89.70 1 0
github.com/authz-engine/go-core/internal/auth/jwks.go:93.2,97.9 4 0
github.com/authz-engine/go-core/internal/auth/jwks.go:97.9,99.3 1 0
github.com/authz-engine/go-core/internal/auth/jwks.go:101.2,101.17 1 0
github.com/authz-engine/go-core/internal/auth/jwks.go:105.40,108.16 2 0
github.com/authz-engine/go-core/internal/auth/jwks.go:108.16,110.3 1 0
github.com/authz-engine/go-core/internal/auth/jwks.go:111.2,113.38 2 0
github.com/authz-engine/go-core/internal/auth/jwks.go:113.38,115.3 1 0
github.com/authz-engine/go-core/internal/auth/jwks.go:118.2,119.16 2 0
github.com/authz-engine/go-core/internal/auth/jwks.go:119.16,121.3 1 0
github.com/authz-engine/go-core/internal/auth/jwks.go:123.2,124.52 2 0
github.com/authz-engine/go-core/internal/auth/jwks.go:124.52,126.3 1 0
github.com/authz-engine/go-core/internal/auth/jwks.go:129.2,130.32 2 0
github.com/authz-engine/go-core/internal/auth/jwks.go:130.32,132.23 1 0
github.com/authz-engine/go-core/internal/auth/jwks.go:132.23,133.12 1 0
github.com/authz-engine/go-core/internal/auth/jwks.go:137.3,137.40 1 0
github.com/authz-engine/go-core/internal/auth/jwks.go:137.40,138.12 1 0
github.com/authz-engine/go-core/internal/auth/jwks.go:142.3,143.17 2 0
github.com/authz-engine/go-core/internal/auth/jwks.go:143.17,145.12 1 0
github.com/authz-engine/go-core/internal/auth/jwks.go:148.3,148.25 1 0
github.com/authz-engine/go-core/internal/auth/jwks.go:151.2,151.23 1 0
github.com/authz-engine/go-core/internal/auth/jwks.go:151.23,153.3 1 0
github.com/authz-engine/go-core/internal/auth/jwks.go:156.2,161.12 5 0
github.com/authz-engine/go-core/internal/auth/jwks.go:165.38,169.6 3 0
github.com/authz-engine/go-core/internal/auth/jwks.go:169.6,170.10 1 0
github.com/authz-engine/go-core/internal/auth/jwks.go:171.19,174.19 1 0
github.com/authz-engine/go-core/internal/auth/jwks.go:175.19,176.10 1 0
github.com/authz-engine/go-core/internal/auth/jwks.go:182.38,185.2 2 0
github.com/authz-engine/go-core/internal/auth/jwks.go:188.58,193.32 1 0
github.com/authz-engine/go-core/internal/auth/jwks.go:193.32,195.3 1 0
github.com/authz-engine/go-core/internal/auth/jwks.go:199.2,199.102 1 0
github.com/authz-engine/go-core/internal/auth/jwt.go:27.61,28.16 1 1
github.com/authz-engine/go-core/internal/auth/jwt.go:28.16,30.3 1 0
github.com/authz-engine/go-core/internal/auth/jwt.go:32.2,32.39 1 1
github.com/authz-engine/go-core/internal/auth/jwt.go:32.39,34.3 1 1
github.com/authz-engine/go-core/internal/auth/jwt.go:36.2,41.22 2 1
github.com/authz-engine/go-core/internal/auth/jwt.go:41.22,43.3 1 1
github.com/authz-engine/go-core/internal/auth/jwt.go:46.2,46.25 1 1
github.com/authz-engine/go-core/internal/auth/jwt.go:46.25,48.17 2 1
github.com/authz-engine/go-core/internal/auth/jwt.go:48.17,50.4 1 1
github.com/authz-engine/go-core/internal/auth/jwt.go:51.3,51.28 1 1
github.com/authz-engine/go-core/internal/auth/jwt.go:55.2,55.29 1 1
github.com/authz-engine/go-core/internal/auth/jwt.go:55.29,57.17 2 0
github.com/authz-engine/go-core/internal/auth/jwt.go:57.17,59.4 1 0
github.com/authz-engine/go-core/internal/auth/jwt.go:60.3,61.17 2 0
github.com/authz-engine/go-core/internal/auth/jwt.go:61.17,63.4 1 0
github.com/authz-engine/go-core/internal/auth/jwt.go:64.3,64.28 1 0
github.com/authz-engine/go-core/internal/auth/jwt.go:68.2,68.23 1 1
github.com/authz-engine/go-core/internal/auth/jwt.go:68.23,70.17 2 0
github.com/authz-engine/go-core/internal/auth/jwt.go:70.17,72.4 1 0
github.com/authz-engine/go-core/internal/auth/jwt.go:73.3,73.24 1 0
github.com/authz-engine/go-core/internal/auth/jwt.go:76.2,76.23 1 1
github.com/authz-engine/go-core/internal/auth/jwt.go:80.70,81.23 1 1
github.com/authz-engine/go-core/internal/auth/jwt.go:81.23,83.3 1 1
github.com/authz-engine/go-core/internal/auth/jwt.go:86.2,87.16 2 1
github.com/authz-engine/go-core/internal/auth/jwt.go:87.16,89.3 1 1
github.com/authz-engine/go-core/internal/auth/jwt.go:92.2,92.18 1 1
github.com/authz-engine/go-core/internal/auth/jwt.go:92.18,94.3 1 0
github.com/authz-engine/go-core/internal/auth/jwt.go:97.2,98.9 2 1
github.com/authz-engine/go-core/internal/auth/jwt.go:98.9,100.3 1 0
github.com/authz-engine/go-core/internal/auth/jwt.go:103.2,103.49 1 1
github.com/authz-engine/go-core/internal/auth/jwt.go:103.49,105.3 1 1
github.com/authz-engine/go-core/internal/auth/jwt.go:107.2,107.20 1 1
github.com/authz-engine/go-core/internal/auth/jwt.go:111.71,115.13 2 1
github.com/authz-engine/go-core/internal/auth/jwt.go:116.15,117.22 1 1
github.com/authz-engine/go-core/internal/auth/jwt.go:117.22,119.4 1 0
github.com/authz-engine/go-core/internal/auth/jwt.go:120.3,120.23 1 1
github.com/authz-engine/go-core/internal/auth/jwt.go:122.15,124.20 1 1
github.com/authz-engine/go-core/internal/auth/jwt.go:124.20,126.24 2 0
github.com/authz-engine/go-core/internal/auth/jwt.go:126.24,128.5 1 0
github.com/authz-engine/go-core/internal/auth/jwt.go:129.4,129.29 1 0
github.com/authz-engine/go-core/internal/auth/jwt.go:133.3,133.25 1 1
github.com/authz-engine/go-core/internal/auth/jwt.go:133.25,135.4 1 0
github.com/authz-engine/go-core/internal/auth/jwt.go:136.3,136.26 1 1
github.com/authz-engine/go-core/internal/auth/jwt.go:138.14,140.57 1 1
github.com/authz-engine/go-core/internal/auth/jwt.go:142.10,143.63 1 0
github.com/authz-engine/go-core/internal/auth/jwt.go:148.61,150.56 1 1
github.com/authz-engine/go-core/internal/auth/jwt.go:150.56,151.39 1 1
github.com/authz-engine/go-core/internal/auth/jwt.go:151.39,153.4 1 1
github.com/authz-engine/go-core/internal/auth/jwt.go:157.2,157.60 1 1
github.com/authz-engine/go-core/internal/auth/jwt.go:157.60,159.39 2 1
github.com/authz-engine/go-core/internal/auth/jwt.go:159.39,160.32 1 1
github.com/authz-engine/go-core/internal/auth/jwt.go:160.32,162.10 2 1
github.com/authz-engine/go-core/internal/auth/jwt.go:165.3,165.13 1 1
github.com/authz-engine/go-core/internal/auth/jwt.go:165.13,167.4 1 1
github.com/authz-engine/go-core/internal/auth/jwt.go:174.2,174.12 1 1
github.com/authz-engine/go-core/internal/auth/jwt.go:178.38,179.19 1 0
github.com/authz-engine/go-core/internal/auth/jwt.go:179.19,181.3 1 0
github.com/authz-engine/go-core/internal/auth/jwt.go:182.2,182.12 1 0
github.com/authz-engine/go-core/internal/auth/middleware.go:33.81,34.19 1 1
github.com/authz-engine/go-core/internal/auth/middleware.go:34.19,36.3 1 1
github.com/authz-engine/go-core/internal/auth/middleware.go:37.2,41.3 1 1
github.com/authz-engine/go-core/internal/auth/middleware.go:45.89,49.2 3 1
github.com/authz-engine/go-core/internal/auth/middleware.go:52.62,53.71 1 1
github.com/authz-engine/go-core/internal/auth/middleware.go:53.71,56.17 2 1
github.com/authz-engine/go-core/internal/auth/middleware.go:56.17,57.19 1 1
github.com/authz-engine/go-core/internal/auth/middleware.go:57.19,60.5 2 1
github.com/authz-engine/go-core/internal/auth/middleware.go:62.4,63.10 2 1
github.com/authz-engine/go-core/internal/auth/middleware.go:67.3,68.17 2 1
github.com/authz-engine/go-core/internal/auth/middleware.go:68.17,73.19 2 1
github.com/authz-engine/go-core/internal/auth/middleware.go:73.19,76.5 2 1
github.com/authz-engine/go-core/internal/auth/middleware.go:78.4,79.10 2 1
github.com/authz-engine/go-core/internal/auth/middleware.go:83.3,91.40 5 1
github.com/authz-engine/go-core/internal/auth/middleware.go:96.68,98.22 2 1
github.com/authz-engine/go-core/internal/auth/middleware.go:98.22,100.3 1 1
github.com/authz-engine/go-core/internal/auth/middleware.go:103.2,104.21 2 1
github.com/authz-engine/go-core/internal/auth/middleware.go:104.21,106.3 1 1
github.com/authz-engine/go-core/internal/auth/middleware.go:108.2,108.26 1 1
github.com/authz-engine/go-core/internal/auth/middleware.go:108.26,110.3 1 1
github.com/authz-engine/go-core/internal/auth/middleware.go:112.2,113.17 2 1
github.com/authz-engine/go-core/internal/auth/middleware.go:113.17,115.3 1 0
github.com/authz-engine/go-core/internal/auth/middleware.go:117.2,117.19 1 1
github.com/authz-engine/go-core/internal/auth/middleware.go:121.81,128.2 5 1
github.com/authz-engine/go-core/internal/auth/middleware.go:131.64,133.29 2 1
github.com/authz-engine/go-core/internal/auth/middleware.go:133.29,135.3 1 1
github.com/authz-engine/go-core/internal/auth/middleware.go:136.2,136.23 1 1
github.com/authz-engine/go-core/internal/auth/middleware.go:140.58,142.26 2 1
github.com/authz-engine/go-core/internal/auth/middleware.go:142.26,144.3 1 1
github.com/authz-engine/go-core/internal/auth/middleware.go:145.2,145.20 1 1
github.com/authz-engine/go-core/internal/auth/middleware.go:149.63,150.46 1 1
github.com/authz-engine/go-core/internal/auth/middleware.go:150.46,151.72 1 1
github.com/authz-engine/go-core/internal/auth/middleware.go:151.72,153.18 2 1
github.com/authz-engine/go-core/internal/auth/middleware.go:153.18,156.5 2 1
github.com/authz-engine/go-core/internal/auth/middleware.go:158.4,159.38 2 1
github.com/authz-engine/go-core/internal/auth/middleware.go:159.38,160.18 1 1
github.com/authz-engine/go-core/internal/auth/middleware.go:160.18,162.11 2 1
github.com/authz-engine/go-core/internal/auth/middleware.go:166.4,166.16 1 1
github.com/authz-engine/go-core/internal/auth/middleware.go:166.16,169.5 2 1
github.com/authz-engine/go-core/internal/auth/middleware.go:171.4,171.24 1 1
github.com/authz-engine/go-core/internal/auth/middleware.go:177.70,178.46 1 1
github.com/authz-engine/go-core/internal/auth/middleware.go:178.46,179.72 1 1
github.com/authz-engine/go-core/internal/auth/middleware.go:179.72,181.18 2 1
github.com/authz-engine/go-core/internal/auth/middleware.go:181.18,184.5 2 0
github.com/authz-engine/go-core/internal/auth/middleware.go:186.4,187.35 2 1
github.com/authz-engine/go-core/internal/auth/middleware.go:187.35,188.46 1 1
github.com/authz-engine/go-core/internal/auth/middleware.go:188.46,189.30 1 1
github.com/authz-engine/go-core/internal/auth/middleware.go:189.30,191.12 2 1
github.com/authz-engine/go-core/internal/auth/middleware.go:194.5,194.16 1 1
github.com/authz-engine/go-core/internal/auth/middleware.go:194.16,195.11 1 1
github.com/authz-engine/go-core/internal/auth/middleware.go:199.4,199.16 1 1
github.com/authz-engine/go-core/internal/auth/middleware.go:199.16,202.5 2 1
github.com/authz-engine/go-core/internal/auth/middleware.go:204.4,204.24 1 1
github.com/authz-engine/go-core/internal/auth/principal.go:14.49,15.29 1 0
github.com/authz-engine/go-core/internal/auth/principal.go:15.29,16.29 1 0
github.com/authz-engine/go-core/internal/auth/principal.go:16.29,18.4 1 0
github.com/authz-engine/go-core/internal/auth/principal.go:20.2,20.14 1 0
github.com/authz-engine/go-core/internal/auth/principal.go:24.47,25.28 1 0
github.com/authz-engine/go-core/internal/auth/principal.go:25.28,26.16 1 0
github.com/authz-engine/go-core/internal/auth/principal.go:26.16,28.4 1 0
github.com/authz-engine/go-core/internal/auth/principal.go:30.2,30.14 1 0
github.com/authz-engine/go-core/internal/auth/jwt/issuer.go:77.58,78.16 1 1
github.com/authz-engine/go-core/internal/auth/jwt/issuer.go:78.16,80.3 1 1
github.com/authz-engine/go-core/internal/auth/jwt/issuer.go:81.2,81.27 1 1
github.com/authz-engine/go-core/internal/auth/jwt/issuer.go:81.27,83.3 1 1
github.com/authz-engine/go-core/internal/auth/jwt/issuer.go:84.2,84.22 1 1
github.com/authz-engine/go-core/internal/auth/jwt/issuer.go:84.22,86.3 1 1
github.com/authz-engine/go-core/internal/auth/jwt/issuer.go:87.2,87.24 1 1
github.com/authz-engine/go-core/internal/auth/jwt/issuer.go:87.24,89.3 1 1
github.com/authz-engine/go-core/internal/auth/jwt/issuer.go:92.2,92.24 1 1
github.com/authz-engine/go-core/internal/auth/jwt/issuer.go:92.24,94.3 1 1
github.com/authz-engine/go-core/internal/auth/jwt/issuer.go:95.2,95.25 1 1
github.com/authz-engine/go-core/internal/auth/jwt/issuer.go:95.25,97.3 1 1
github.com/authz-engine/go-core/internal/auth/jwt/issuer.go:98.2,98.23 1 1
github.com/authz-engine/go-core/internal/auth/jwt/issuer.go:98.23,100.3 1 1
github.com/authz-engine/go-core/internal/auth/jwt/issuer.go:102.2,110.8 1 1
github.com/authz-engine/go-core/internal/auth/jwt/issuer.go:114.139,119.16 3 1
github.com/authz-engine/go-core/internal/auth/jwt/issuer.go:119.16,121.3 1 0
github.com/authz-engine/go-core/internal/auth/jwt/issuer.go:124.2,141.16 4 1
github.com/authz-engine/go-core/internal/auth/jwt/issuer.go:141.16,143.3 1 0
github.com/authz-engine/go-core/internal/auth/jwt/issuer.go:146.2,147.16 2 1
github.com/authz-engine/go-core/internal/auth/jwt/issuer.go:147.16,149.3 1 0
github.com/authz-engine/go-core/internal/auth/jwt/issuer.go:152.2,153.21 2 1
github.com/authz-engine/go-core/internal/auth/jwt/issuer.go:153.21,154.34 1 1
github.com/authz-engine/go-core/internal/auth/jwt/issuer.go:154.34,155.15 1 1
github.com/authz-engine/go-core/internal/auth/jwt/issuer.go:155.15,157.5 1 1
github.com/authz-engine/go-core/internal/auth/jwt/issuer.go:158.4,158.21 1 1
github.com/authz-engine/go-core/internal/auth/jwt/issuer.go:162.2,168.8 1 1
github.com/authz-engine/go-core/internal/auth/jwt/issuer.go:172.118,175.49 2 1
github.com/authz-engine/go-core/internal/auth/jwt/issuer.go:175.49,177.3 1 0
github.com/authz-engine/go-core/internal/auth/jwt/issuer.go:180.2,187.27 4 1
github.com/authz-engine/go-core/internal/auth/jwt/issuer.go:187.27,197.65 2 1
github.com/authz-engine/go-core/internal/auth/jwt/issuer.go:197.65,199.4 1 0
github.com/authz-engine/go-core/internal/auth/jwt/issuer.go:202.2,202.22 1 1
github.com/authz-engine/go-core/internal/auth/jwt/issuer.go:206.99,207.27 1 0
github.com/authz-engine/go-core/internal/auth/jwt/issuer.go:207.27,209.3 1 0
github.com/authz-engine/go-core/internal/auth/jwt/issuer.go:212.2,217.16 4 0
github.com/authz-engine/go-core/internal/auth/jwt/issuer.go:217.16,219.3 1 0
github.com/authz-engine/go-core/internal/auth/jwt/issuer.go:222.2,222.35 1 0
github.com/authz-engine/go-core/internal/auth/jwt/issuer.go:222.35,224.3 1 0
github.com/authz-engine/go-core/internal/auth/jwt/issuer.go:227.2,227.46 1 0
github.com/authz-engine/go-core/internal/auth/jwt/issuer.go:227.46,229.3 1 0
github.com/authz-engine/go-core/internal/auth/jwt/issuer.go:234.2,241.16 6 0
github.com/authz-engine/go-core/internal/auth/jwt/issuer.go:241.16,243.3 1 0
github.com/authz-engine/go-core/internal/auth/jwt/issuer.go:248.2,248.21 1 0
github.com/authz-engine/go-core/internal/auth/jwt/issuer.go:252.72,257.2 1 0
github.com/authz-engine/go-core/internal/auth/jwt/issuer.go:262.41,264.40 2 1
github.com/authz-engine/go-core/internal/auth/jwt/issuer.go:264.40,266.3 1 0
github.com/authz-engine/go-core/internal/auth/jwt/issuer.go:267.2,267.53 1 1
github.com/authz-engine/go-core/internal/auth/jwt/issuer.go:272.28,276.2 3 1
github.com/authz-engine/go-core/internal/auth/jwt/validator.go:40.67,41.16 1 1
github.com/authz-engine/go-core/internal/auth/jwt/validator.go:41.16,43.3 1 1
github.com/authz-engine/go-core/internal/auth/jwt/validator.go:44.2,44.26 1 1
github.com/authz-engine/go-core/internal/auth/jwt/validator.go:44.26,46.3 1 1
github.com/authz-engine/go-core/internal/auth/jwt/validator.go:47.2,47.46 1 1
github.com/authz-engine/go-core/internal/auth/jwt/validator.go:47.46,49.3 1 1
github.com/authz-engine/go-core/internal/auth/jwt/validator.go:50.2,50.50 1 1
github.com/authz-engine/go-core/internal/auth/jwt/validator.go:50.50,52.3 1 1
github.com/authz-engine/go-core/internal/auth/jwt/validator.go:53.2,53.23 1 1
github.com/authz-engine/go-core/internal/auth/jwt/validator.go:53.23,55.3 1 1
github.com/authz-engine/go-core/internal/auth/jwt/validator.go:57.2,66.8 1 1
github.com/authz-engine/go-core/internal/auth/jwt/validator.go:70.91,71.23 1 1
github.com/authz-engine/go-core/internal/auth/jwt/validator.go:71.23,73.3 1 1
github.com/authz-engine/go-core/internal/auth/jwt/validator.go:76.2,76.104 1 1
github.com/authz-engine/go-core/internal/auth/jwt/validator.go:76.104,78.57 1 1
github.com/authz-engine/go-core/internal/auth/jwt/validator.go:78.57,80.4 1 1
github.com/authz-engine/go-core/internal/auth/jwt/validator.go:81.3,81.36 1 1
github.com/authz-engine/go-core/internal/auth/jwt/validator.go:81.36,83.4 1 0
github.com/authz-engine/go-core/internal/auth/jwt/validator.go:84.3,84.26 1 1
github.com/authz-engine/go-core/internal/auth/jwt/validator.go:87.2,87.16 1 1
github.com/authz-engine/go-core/internal/auth/jwt/validator.go:87.16,89.3 1 1
github.com/authz-engine/go-core/internal/auth/jwt/validator.go:91.2,91.18 1 1
github.com/authz-engine/go-core/internal/auth/jwt/validator.go:91.18,93.3 1 0
github.com/authz-engine/go-core/internal/auth/jwt/validator.go:96.2,97.9 2 1
github.com/authz-engine/go-core/internal/auth/jwt/validator.go:97.9,99.3 1 0
github.com/authz-engine/go-core/internal/auth/jwt/validator.go:102.2,102.57 1 1
github.com/authz-engine/go-core/internal/auth/jwt/validator.go:102.57,104.3 1 1
github.com/authz-engine/go-core/internal/auth/jwt/validator.go:107.2,107.26 1 1
github.com/authz-engine/go-core/internal/auth/jwt/validator.go:107.26,109.17 2 0
github.com/authz-engine/go-core/internal/auth/jwt/validator.go:109.17,112.4 1 0
github.com/authz-engine/go-core/internal/auth/jwt/validator.go:112.9,112.23 1 0
github.com/authz-engine/go-core/internal/auth/jwt/validator.go:112.23,114.4 1 0
github.com/authz-engine/go-core/internal/auth/jwt/validator.go:117.2,117.20 1 1
github.com/authz-engine/go-core/internal/auth/jwt/validator.go:121.69,125.24 2 1
github.com/authz-engine/go-core/internal/auth/jwt/validator.go:125.24,126.30 1 1
github.com/authz-engine/go-core/internal/auth/jwt/validator.go:126.30,128.4 1 0
github.com/authz-engine/go-core/internal/auth/jwt/validator.go:129.3,129.39 1 1
github.com/authz-engine/go-core/internal/auth/jwt/validator.go:129.39,131.4 1 0
github.com/authz-engine/go-core/internal/auth/jwt/validator.go:135.2,135.66 1 1
github.com/authz-engine/go-core/internal/auth/jwt/validator.go:135.66,137.3 1 0
github.com/authz-engine/go-core/internal/auth/jwt/validator.go:140.2,140.64 1 1
github.com/authz-engine/go-core/internal/auth/jwt/validator.go:140.64,142.3 1 0
github.com/authz-engine/go-core/internal/auth/jwt/validator.go:145.2,145.53 1 1
github.com/authz-engine/go-core/internal/auth/jwt/validator.go:145.53,147.3 1 1
github.com/authz-engine/go-core/internal/auth/jwt/validator.go:150.2,150.26 1 1
github.com/authz-engine/go-core/internal/auth/jwt/validator.go:150.26,152.39 2 1
github.com/authz-engine/go-core/internal/auth/jwt/validator.go:152.39,153.25 1 1
github.com/authz-engine/go-core/internal/auth/jwt/validator.go:153.25,155.10 2 1
github.com/authz-engine/go-core/internal/auth/jwt/validator.go:158.3,158.21 1 1
github.com/authz-engine/go-core/internal/auth/jwt/validator.go:158.21,160.4 1 1
github.com/authz-engine/go-core/internal/auth/jwt/validator.go:164.2,164.21 1 1
github.com/authz-engine/go-core/internal/auth/jwt/validator.go:164.21,166.3 1 1
github.com/authz-engine/go-core/internal/auth/jwt/validator.go:168.2,168.12 1 1
github.com/authz-engine/go-core/internal/auth/jwt/validator.go:172.81,173.26 1 1
github.com/authz-engine/go-core/internal/auth/jwt/validator.go:173.26,175.3 1 1
github.com/authz-engine/go-core/internal/auth/jwt/validator.go:177.2,181.16 3 1
github.com/authz-engine/go-core/internal/auth/jwt/validator.go:181.16,183.3 1 0
github.com/authz-engine/go-core/internal/auth/jwt/validator.go:185.2,185.24 1 1
github.com/authz-engine/go-core/internal/auth/jwt/validator.go:189.96,190.26 1 1
github.com/authz-engine/go-core/internal/auth/jwt/validator.go:190.26,192.3 1 0
github.com/authz-engine/go-core/internal/auth/jwt/validator.go:194.2,198.13 3 1
github.com/authz-engine/go-core/internal/auth/jwt/validator.go:198.13,201.3 1 0
github.com/authz-engine/go-core/internal/auth/jwt/validator.go:204.2,205.16 2 1
github.com/authz-engine/go-core/internal/auth/jwt/validator.go:205.16,207.3 1 0
github.com/authz-engine/go-core/internal/auth/jwt/validator.go:209.2,210.12 2 1
github.com/authz-engine/go-core/internal/auth/jwt/validator.go:215.68,222.2 1 1
