mode: set
github.com/authz-engine/go-core/internal/auth/jwt/issuer.go:77.58,78.16 1 1
github.com/authz-engine/go-core/internal/auth/jwt/issuer.go:78.16,80.3 1 1
github.com/authz-engine/go-core/internal/auth/jwt/issuer.go:81.2,81.27 1 1
github.com/authz-engine/go-core/internal/auth/jwt/issuer.go:81.27,83.3 1 1
github.com/authz-engine/go-core/internal/auth/jwt/issuer.go:84.2,84.22 1 1
github.com/authz-engine/go-core/internal/auth/jwt/issuer.go:84.22,86.3 1 1
github.com/authz-engine/go-core/internal/auth/jwt/issuer.go:87.2,87.24 1 1
github.com/authz-engine/go-core/internal/auth/jwt/issuer.go:87.24,89.3 1 1
github.com/authz-engine/go-core/internal/auth/jwt/issuer.go:92.2,92.24 1 1
github.com/authz-engine/go-core/internal/auth/jwt/issuer.go:92.24,94.3 1 1
github.com/authz-engine/go-core/internal/auth/jwt/issuer.go:95.2,95.25 1 1
github.com/authz-engine/go-core/internal/auth/jwt/issuer.go:95.25,97.3 1 1
github.com/authz-engine/go-core/internal/auth/jwt/issuer.go:98.2,98.23 1 1
github.com/authz-engine/go-core/internal/auth/jwt/issuer.go:98.23,100.3 1 1
github.com/authz-engine/go-core/internal/auth/jwt/issuer.go:102.2,110.8 1 1
github.com/authz-engine/go-core/internal/auth/jwt/issuer.go:114.139,119.16 3 1
github.com/authz-engine/go-core/internal/auth/jwt/issuer.go:119.16,121.3 1 0
github.com/authz-engine/go-core/internal/auth/jwt/issuer.go:124.2,141.16 4 1
github.com/authz-engine/go-core/internal/auth/jwt/issuer.go:141.16,143.3 1 0
github.com/authz-engine/go-core/internal/auth/jwt/issuer.go:146.2,147.16 2 1
github.com/authz-engine/go-core/internal/auth/jwt/issuer.go:147.16,149.3 1 0
github.com/authz-engine/go-core/internal/auth/jwt/issuer.go:152.2,153.21 2 1
github.com/authz-engine/go-core/internal/auth/jwt/issuer.go:153.21,154.34 1 1
github.com/authz-engine/go-core/internal/auth/jwt/issuer.go:154.34,155.15 1 1
github.com/authz-engine/go-core/internal/auth/jwt/issuer.go:155.15,157.5 1 1
github.com/authz-engine/go-core/internal/auth/jwt/issuer.go:158.4,158.21 1 1
github.com/authz-engine/go-core/internal/auth/jwt/issuer.go:162.2,168.8 1 1
github.com/authz-engine/go-core/internal/auth/jwt/issuer.go:172.118,175.49 2 1
github.com/authz-engine/go-core/internal/auth/jwt/issuer.go:175.49,177.3 1 0
github.com/authz-engine/go-core/internal/auth/jwt/issuer.go:180.2,187.27 4 1
github.com/authz-engine/go-core/internal/auth/jwt/issuer.go:187.27,197.65 2 1
github.com/authz-engine/go-core/internal/auth/jwt/issuer.go:197.65,199.4 1 0
github.com/authz-engine/go-core/internal/auth/jwt/issuer.go:202.2,202.22 1 1
github.com/authz-engine/go-core/internal/auth/jwt/issuer.go:206.99,207.27 1 0
github.com/authz-engine/go-core/internal/auth/jwt/issuer.go:207.27,209.3 1 0
github.com/authz-engine/go-core/internal/auth/jwt/issuer.go:212.2,217.16 4 0
github.com/authz-engine/go-core/internal/auth/jwt/issuer.go:217.16,219.3 1 0
github.com/authz-engine/go-core/internal/auth/jwt/issuer.go:222.2,222.35 1 0
github.com/authz-engine/go-core/internal/auth/jwt/issuer.go:222.35,224.3 1 0
github.com/authz-engine/go-core/internal/auth/jwt/issuer.go:227.2,227.46 1 0
github.com/authz-engine/go-core/internal/auth/jwt/issuer.go:227.46,229.3 1 0
github.com/authz-engine/go-core/internal/auth/jwt/issuer.go:234.2,241.16 6 0
github.com/authz-engine/go-core/internal/auth/jwt/issuer.go:241.16,243.3 1 0
github.com/authz-engine/go-core/internal/auth/jwt/issuer.go:248.2,248.21 1 0
github.com/authz-engine/go-core/internal/auth/jwt/issuer.go:252.72,257.2 1 0
github.com/authz-engine/go-core/internal/auth/jwt/issuer.go:262.41,264.40 2 1
github.com/authz-engine/go-core/internal/auth/jwt/issuer.go:264.40,266.3 1 0
github.com/authz-engine/go-core/internal/auth/jwt/issuer.go:267.2,267.53 1 1
github.com/authz-engine/go-core/internal/auth/jwt/issuer.go:272.28,276.2 3 1
github.com/authz-engine/go-core/internal/auth/jwt/validator.go:40.67,41.16 1 1
github.com/authz-engine/go-core/internal/auth/jwt/validator.go:41.16,43.3 1 1
github.com/authz-engine/go-core/internal/auth/jwt/validator.go:44.2,44.26 1 1
github.com/authz-engine/go-core/internal/auth/jwt/validator.go:44.26,46.3 1 1
github.com/authz-engine/go-core/internal/auth/jwt/validator.go:47.2,47.46 1 1
github.com/authz-engine/go-core/internal/auth/jwt/validator.go:47.46,49.3 1 1
github.com/authz-engine/go-core/internal/auth/jwt/validator.go:50.2,50.50 1 1
github.com/authz-engine/go-core/internal/auth/jwt/validator.go:50.50,52.3 1 1
github.com/authz-engine/go-core/internal/auth/jwt/validator.go:53.2,53.23 1 1
github.com/authz-engine/go-core/internal/auth/jwt/validator.go:53.23,55.3 1 1
github.com/authz-engine/go-core/internal/auth/jwt/validator.go:57.2,66.8 1 1
github.com/authz-engine/go-core/internal/auth/jwt/validator.go:70.91,71.23 1 1
github.com/authz-engine/go-core/internal/auth/jwt/validator.go:71.23,73.3 1 1
github.com/authz-engine/go-core/internal/auth/jwt/validator.go:76.2,76.104 1 1
github.com/authz-engine/go-core/internal/auth/jwt/validator.go:76.104,78.57 1 1
github.com/authz-engine/go-core/internal/auth/jwt/validator.go:78.57,80.4 1 1
github.com/authz-engine/go-core/internal/auth/jwt/validator.go:81.3,81.36 1 1
github.com/authz-engine/go-core/internal/auth/jwt/validator.go:81.36,83.4 1 0
github.com/authz-engine/go-core/internal/auth/jwt/validator.go:84.3,84.26 1 1
github.com/authz-engine/go-core/internal/auth/jwt/validator.go:87.2,87.16 1 1
github.com/authz-engine/go-core/internal/auth/jwt/validator.go:87.16,89.3 1 1
github.com/authz-engine/go-core/internal/auth/jwt/validator.go:91.2,91.18 1 1
github.com/authz-engine/go-core/internal/auth/jwt/validator.go:91.18,93.3 1 0
github.com/authz-engine/go-core/internal/auth/jwt/validator.go:96.2,97.9 2 1
github.com/authz-engine/go-core/internal/auth/jwt/validator.go:97.9,99.3 1 0
github.com/authz-engine/go-core/internal/auth/jwt/validator.go:102.2,102.57 1 1
github.com/authz-engine/go-core/internal/auth/jwt/validator.go:102.57,104.3 1 1
github.com/authz-engine/go-core/internal/auth/jwt/validator.go:107.2,107.26 1 1
github.com/authz-engine/go-core/internal/auth/jwt/validator.go:107.26,109.17 2 0
github.com/authz-engine/go-core/internal/auth/jwt/validator.go:109.17,112.4 1 0
github.com/authz-engine/go-core/internal/auth/jwt/validator.go:112.9,112.23 1 0
github.com/authz-engine/go-core/internal/auth/jwt/validator.go:112.23,114.4 1 0
github.com/authz-engine/go-core/internal/auth/jwt/validator.go:117.2,117.20 1 1
github.com/authz-engine/go-core/internal/auth/jwt/validator.go:121.69,125.24 2 1
github.com/authz-engine/go-core/internal/auth/jwt/validator.go:125.24,126.30 1 1
github.com/authz-engine/go-core/internal/auth/jwt/validator.go:126.30,128.4 1 0
github.com/authz-engine/go-core/internal/auth/jwt/validator.go:129.3,129.39 1 1
github.com/authz-engine/go-core/internal/auth/jwt/validator.go:129.39,131.4 1 0
github.com/authz-engine/go-core/internal/auth/jwt/validator.go:135.2,135.66 1 1
github.com/authz-engine/go-core/internal/auth/jwt/validator.go:135.66,137.3 1 0
github.com/authz-engine/go-core/internal/auth/jwt/validator.go:140.2,140.64 1 1
github.com/authz-engine/go-core/internal/auth/jwt/validator.go:140.64,142.3 1 0
github.com/authz-engine/go-core/internal/auth/jwt/validator.go:145.2,145.53 1 1
github.com/authz-engine/go-core/internal/auth/jwt/validator.go:145.53,147.3 1 1
github.com/authz-engine/go-core/internal/auth/jwt/validator.go:150.2,150.26 1 1
github.com/authz-engine/go-core/internal/auth/jwt/validator.go:150.26,152.39 2 1
github.com/authz-engine/go-core/internal/auth/jwt/validator.go:152.39,153.25 1 1
github.com/authz-engine/go-core/internal/auth/jwt/validator.go:153.25,155.10 2 1
github.com/authz-engine/go-core/internal/auth/jwt/validator.go:158.3,158.21 1 1
github.com/authz-engine/go-core/internal/auth/jwt/validator.go:158.21,160.4 1 1
github.com/authz-engine/go-core/internal/auth/jwt/validator.go:164.2,164.21 1 1
github.com/authz-engine/go-core/internal/auth/jwt/validator.go:164.21,166.3 1 1
github.com/authz-engine/go-core/internal/auth/jwt/validator.go:168.2,168.12 1 1
github.com/authz-engine/go-core/internal/auth/jwt/validator.go:172.81,173.26 1 1
github.com/authz-engine/go-core/internal/auth/jwt/validator.go:173.26,175.3 1 1
github.com/authz-engine/go-core/internal/auth/jwt/validator.go:177.2,181.16 3 1
github.com/authz-engine/go-core/internal/auth/jwt/validator.go:181.16,183.3 1 0
github.com/authz-engine/go-core/internal/auth/jwt/validator.go:185.2,185.24 1 1
github.com/authz-engine/go-core/internal/auth/jwt/validator.go:189.96,190.26 1 1
github.com/authz-engine/go-core/internal/auth/jwt/validator.go:190.26,192.3 1 0
github.com/authz-engine/go-core/internal/auth/jwt/validator.go:194.2,198.13 3 1
github.com/authz-engine/go-core/internal/auth/jwt/validator.go:198.13,201.3 1 0
github.com/authz-engine/go-core/internal/auth/jwt/validator.go:204.2,205.16 2 1
github.com/authz-engine/go-core/internal/auth/jwt/validator.go:205.16,207.3 1 0
github.com/authz-engine/go-core/internal/auth/jwt/validator.go:209.2,210.12 2 1
github.com/authz-engine/go-core/internal/auth/jwt/validator.go:215.68,222.2 1 1
